<?xml version="1.0" encoding="UTF-8"?>
<!-- Generated by org.testng.reporters.JUnitReportReporter -->
<testsuite hostname="LAPTOP-RIO3G63B" failures="0" tests="1" name="com.ebanking.testCases.TC_LoginTest_001" time="5.487" errors="0" timestamp="2024-09-17T20:14:43 WAT" skipped="0">
  <testcase classname="com.ebanking.testCases.TC_LoginTest_001" name="LoginTest" time="5.487"/>
</testsuite> <!-- com.ebanking.testCases.TC_LoginTest_001 -->
