<?xml version="1.0" encoding="UTF-8"?>
<!-- Generated by org.testng.reporters.JUnitReportReporter -->
<testsuite hostname="LAPTOP-RIO3G63B" failures="0" tests="1" name="com.ebanking.testCases.TC_LoginTest_001" time="0.766" errors="0" timestamp="2024-09-23T18:38:21 WAT" skipped="0">
  <testcase classname="com.ebanking.testCases.TC_LoginTest_001" name="LoginTest" time="0.766"/>
</testsuite> <!-- com.ebanking.testCases.TC_LoginTest_001 -->
