<?xml version="1.0" encoding="UTF-8"?>
<!-- Generated by org.testng.reporters.JUnitReportReporter -->
<testsuite hostname="LAPTOP-RIO3G63B" failures="0" tests="1" name="com.ebanking.testCases.TC_AddCustomerTest_003" time="20.600" errors="0" timestamp="2024-09-20T17:46:10 WAT" skipped="0">
  <testcase classname="com.ebanking.testCases.TC_AddCustomerTest_003" name="addNewCustomer" time="20.600"/>
</testsuite> <!-- com.ebanking.testCases.TC_AddCustomerTest_003 -->
